SpeechBrain system description
==============================
Python version:
3.9.8 (main, Jul 17 2023, 18:18:42) 
[GCC 8.5.0 20210514 (Red Hat 8.5.0-18)]
==============================
Installed Python packages:
asttokens==3.0.0
attrs==24.2.0
backcall==0.2.0
beautifulsoup4==4.12.3
black==24.3.0
bleach==6.2.0
certifi==2024.8.30
cffi==1.17.1
cfgv==3.4.0
charset-normalizer==3.4.0
click==8.1.7
decorator==5.1.1
defusedxml==0.7.1
distlib==0.3.9
docopt==0.6.2
docstring_parser_fork==0.0.12
exceptiongroup==1.2.2
executing==2.1.0
fastjsonschema==2.21.1
filelock==3.16.1
flake8==7.0.0
fsspec==2024.10.0
huggingface-hub==0.26.2
HyperPyYAML==1.2.2
identify==2.6.9
idna==3.10
importlib_metadata==8.5.0
iniconfig==2.1.0
ipython==8.12.3
isort==5.13.2
jedi==0.19.2
Jinja2==3.1.4
joblib==1.4.2
jsonschema==4.23.0
jsonschema-specifications==2024.10.1
jupyter_client==8.6.3
jupyter_core==5.7.2
jupyterlab_pygments==0.3.0
MarkupSafe==3.0.2
matplotlib-inline==0.1.7
mccabe==0.7.0
mistune==3.0.2
mpmath==1.3.0
mypy-extensions==1.0.0
nbclient==0.10.1
nbconvert==7.16.4
nbformat==5.10.4
networkx==3.2.1
nodeenv==1.9.1
numpy==2.0.2
nvidia-cublas-cu12==12.4.5.8
nvidia-cuda-cupti-cu12==12.4.127
nvidia-cuda-nvrtc-cu12==12.4.127
nvidia-cuda-runtime-cu12==12.4.127
nvidia-cudnn-cu12==9.1.0.70
nvidia-cufft-cu12==11.2.1.3
nvidia-curand-cu12==10.3.5.147
nvidia-cusolver-cu12==11.6.1.9
nvidia-cusparse-cu12==12.3.1.170
nvidia-nccl-cu12==2.21.5
nvidia-nvjitlink-cu12==12.4.127
nvidia-nvtx-cu12==12.4.127
packaging==24.1
pandas==2.2.3
pandocfilters==1.5.1
parso==0.8.4
pathspec==0.12.1
pexpect==4.9.0
pickleshare==0.7.5
pipreqs==0.5.0
platformdirs==4.3.6
pluggy==1.5.0
pre_commit==4.2.0
prompt_toolkit==3.0.48
ptyprocess==0.7.0
pure_eval==0.2.3
pycodestyle==2.11.0
pycparser==2.22
pydoclint==0.4.1
pyflakes==3.2.0
Pygments==2.18.0
pygtrie==2.5.0
pytest==7.4.0
python-dateutil==2.9.0.post0
pytz==2025.1
PyYAML==6.0.2
pyzmq==26.2.0
referencing==0.35.1
regex==2024.11.6
requests==2.32.3
rpds-py==0.22.3
ruamel.yaml==0.18.6
ruamel.yaml.clib==0.2.12
safetensors==0.5.3
scikit-learn==1.5.2
scipy==1.13.1
sentencepiece==0.2.0
six==1.17.0
soundfile==0.12.1
soupsieve==2.6
sox==1.5.0
speechbrain==1.0.2
stack-data==0.6.3
sympy==1.13.1
threadpoolctl==3.5.0
tinycss2==1.4.0
tokenizers==0.21.1
tomli==2.2.1
torch==2.5.1
torchaudio==2.5.1
tornado==6.4.2
tqdm==4.67.1
traitlets==5.14.3
transformers==4.49.0
triton==3.1.0
typing_extensions==4.13.2
tzdata==2025.1
urllib3==2.2.3
virtualenv==20.29.3
wcwidth==0.2.13
webencodings==0.5.1
yamllint==1.35.1
yarg==0.1.9
zipp==3.21.0
==============================
Could not get git revision==============================
CUDA not available