Lmod has detected the following error: These module(s) or extension(s) exist
but cannot be loaded as requested: "py-torch/1.12.1"
   Try: "module spider py-torch/1.12.1" to see how to load the module(s).



Defaulting to user installation because normal site-packages is not writeable
Requirement already satisfied: pandas in /home/mfron/.local/lib/python3.9/site-packages (2.2.3)
Requirement already satisfied: pytz>=2020.1 in /home/mfron/.local/lib/python3.9/site-packages (from pandas) (2025.1)
Requirement already satisfied: python-dateutil>=2.8.2 in /home/mfron/.local/lib/python3.9/site-packages (from pandas) (2.9.0.post0)
Requirement already satisfied: numpy>=1.22.4 in /apps/arch/2023r1/software/linux-rhel8-x86_64_v3/gcc-8.5.0/py-numpy-1.22.4-2gncyd3lhkgm7j4jp4km6tfjymwteehj/lib/python3.9/site-packages (from pandas) (1.22.4)
Requirement already satisfied: tzdata>=2022.7 in /home/mfron/.local/lib/python3.9/site-packages (from pandas) (2025.1)
Requirement already satisfied: six>=1.5 in /home/mfron/.local/lib/python3.9/site-packages (from python-dateutil>=2.8.2->pandas) (1.17.0)
Package                   Version
------------------------- -----------
asttokens                 3.0.0
attrs                     24.2.0
backcall                  0.2.0
beautifulsoup4            4.12.3
bleach                    6.2.0
certifi                   2024.8.30
cffi                      1.17.1
charset-normalizer        3.4.0
decorator                 5.1.1
defusedxml                0.7.1
docopt                    0.6.2
executing                 2.1.0
fastjsonschema            2.21.1
filelock                  3.16.1
fsspec                    2024.10.0
huggingface-hub           0.26.2
HyperPyYAML               1.2.2
idna                      3.10
importlib_metadata        8.5.0
ipython                   8.12.3
jedi                      0.19.2
Jinja2                    3.1.4
joblib                    1.4.2
jsonschema                4.23.0
jsonschema-specifications 2024.10.1
jupyter_client            8.6.3
jupyter_core              5.7.2
jupyterlab_pygments       0.3.0
MarkupSafe                3.0.2
matplotlib-inline         0.1.7
mistune                   3.0.2
mpmath                    1.3.0
nbclient                  0.10.1
nbconvert                 7.16.4
nbformat                  5.10.4
networkx                  3.2.1
numpy                     1.22.4
nvidia-cublas-cu12        12.4.5.8
nvidia-cuda-cupti-cu12    12.4.127
nvidia-cuda-nvrtc-cu12    12.4.127
nvidia-cuda-runtime-cu12  12.4.127
nvidia-cudnn-cu12         9.1.0.70
nvidia-cufft-cu12         11.2.1.3
nvidia-curand-cu12        10.3.5.147
nvidia-cusolver-cu12      11.6.1.9
nvidia-cusparse-cu12      12.3.1.170
nvidia-nccl-cu12          2.21.5
nvidia-nvjitlink-cu12     12.4.127
nvidia-nvtx-cu12          12.4.127
packaging                 24.1
pandas                    2.2.3
pandocfilters             1.5.1
parso                     0.8.4
pexpect                   4.9.0
pickleshare               0.7.5
pip                       22.2.2
pipreqs                   0.5.0
platformdirs              4.3.6
prompt_toolkit            3.0.48
ptyprocess                0.7.0
pure_eval                 0.2.3
pycparser                 2.22
Pygments                  2.18.0
python-dateutil           2.9.0.post0
pytz                      2025.1
PyYAML                    6.0
pyzmq                     26.2.0
referencing               0.35.1
requests                  2.32.3
rpds-py                   0.22.3
ruamel.yaml               0.18.6
ruamel.yaml.clib          0.2.12
scikit-learn              1.5.2
scipy                     1.13.1
sentencepiece             0.2.0
setuptools                59.4.0
six                       1.17.0
soundfile                 0.12.1
soupsieve                 2.6
sox                       1.5.0
speechbrain               1.0.2
stack-data                0.6.3
sympy                     1.13.1
threadpoolctl             3.5.0
tinycss2                  1.4.0
torch                     2.5.1
torchaudio                2.5.1
tornado                   6.4.2
tqdm                      4.64.1
traitlets                 5.14.3
triton                    3.1.0
typing_extensions         4.12.2
tzdata                    2025.1
urllib3                   2.2.3
wcwidth                   0.2.13
webencodings              0.5.1
yarg                      0.1.9
zipp                      3.21.0
Start reading read
Finish reading read
Read data processed
Start reading hmi
Finish reading hmi
HMI data processed
Concatenated results
Dataset formatted and saved as Jasmin_formatted.csv
Train counts:
demog  gender  speaking_style
DT     f       hmi               1037
               read              3544
       m       hmi               1053
               read              3599
NnT    f       hmi               1169
               read              4726
       m       hmi               1206
               read              4462
dtype: int64
Val counts:
demog  gender  speaking_style
DT     f       hmi               129
               read              449
       m       hmi               125
               read              448
NnT    f       hmi               176
               read              666
       m       hmi               184
               read              587
dtype: int64
Test counts:
demog  gender  speaking_style
DT     f       hmi               114
               read              419
       m       hmi               174
               read              602
NnT    f       hmi               139
               read              720
       m       hmi                95
               read              384
dtype: int64
Check if any spk_id's overlap between the splits:
set()
set()
set()
